

Microchip Technology PIC LITE Macro Assembler V1.34 build -361300703 
                                                                                               Wed Mar 27 13:35:21 2024

Microchip Technology Omniscient Code Generator (Lite mode) build 201502162209
     1                           	processor	16F1825
     2                           	opt	pw 120
     3                           	opt	lm
     4                           	psect	text0,local,class=CODE,merge=1,delta=2
     5                           	psect	cinit,global,class=CODE,merge=1,delta=2
     6                           	psect	bssCOMMON,global,class=COMMON,space=1,delta=1
     7                           	psect	cstackCOMMON,global,class=COMMON,space=1,delta=1
     8                           	psect	maintext,global,class=CODE,merge=1,split=1,delta=2
     9                           	psect	text1,local,class=CODE,merge=1,delta=2
    10                           	psect	text2,local,class=CODE,merge=1,delta=2
    11                           	psect	text3,local,class=CODE,merge=1,delta=2
    12                           	psect	text4,local,class=CODE,merge=1,delta=2
    13                           	psect	intentry,global,class=CODE,delta=2
    14                           	psect	text6,local,class=CODE,merge=1,delta=2
    15                           	psect	text7,local,class=CODE,merge=1,delta=2
    16                           	dabs	1,0x7E,2
    17  0000                     	;# 
    18  0001                     	;# 
    19  0002                     	;# 
    20  0003                     	;# 
    21  0004                     	;# 
    22  0005                     	;# 
    23  0006                     	;# 
    24  0007                     	;# 
    25  0008                     	;# 
    26  0009                     	;# 
    27  000A                     	;# 
    28  000B                     	;# 
    29  000C                     	;# 
    30  000E                     	;# 
    31  0011                     	;# 
    32  0012                     	;# 
    33  0013                     	;# 
    34  0015                     	;# 
    35  0016                     	;# 
    36  0016                     	;# 
    37  0017                     	;# 
    38  0018                     	;# 
    39  0019                     	;# 
    40  001A                     	;# 
    41  001B                     	;# 
    42  001C                     	;# 
    43  001E                     	;# 
    44  001F                     	;# 
    45  008C                     	;# 
    46  008E                     	;# 
    47  0091                     	;# 
    48  0092                     	;# 
    49  0093                     	;# 
    50  0095                     	;# 
    51  0096                     	;# 
    52  0097                     	;# 
    53  0098                     	;# 
    54  0099                     	;# 
    55  009A                     	;# 
    56  009B                     	;# 
    57  009B                     	;# 
    58  009C                     	;# 
    59  009D                     	;# 
    60  009E                     	;# 
    61  010C                     	;# 
    62  010E                     	;# 
    63  0111                     	;# 
    64  0112                     	;# 
    65  0113                     	;# 
    66  0114                     	;# 
    67  0115                     	;# 
    68  0116                     	;# 
    69  0117                     	;# 
    70  0118                     	;# 
    71  0119                     	;# 
    72  011A                     	;# 
    73  011B                     	;# 
    74  011D                     	;# 
    75  011E                     	;# 
    76  018C                     	;# 
    77  018E                     	;# 
    78  0191                     	;# 
    79  0191                     	;# 
    80  0192                     	;# 
    81  0193                     	;# 
    82  0193                     	;# 
    83  0193                     	;# 
    84  0194                     	;# 
    85  0195                     	;# 
    86  0196                     	;# 
    87  0199                     	;# 
    88  019A                     	;# 
    89  019B                     	;# 
    90  019B                     	;# 
    91  019C                     	;# 
    92  019D                     	;# 
    93  019E                     	;# 
    94  019F                     	;# 
    95  020C                     	;# 
    96  020E                     	;# 
    97  0211                     	;# 
    98  0211                     	;# 
    99  0212                     	;# 
   100  0212                     	;# 
   101  0213                     	;# 
   102  0213                     	;# 
   103  0214                     	;# 
   104  0214                     	;# 
   105  0215                     	;# 
   106  0215                     	;# 
   107  0215                     	;# 
   108  0216                     	;# 
   109  0216                     	;# 
   110  0217                     	;# 
   111  0217                     	;# 
   112  0291                     	;# 
   113  0291                     	;# 
   114  0292                     	;# 
   115  0293                     	;# 
   116  0294                     	;# 
   117  0295                     	;# 
   118  0295                     	;# 
   119  0296                     	;# 
   120  0298                     	;# 
   121  0298                     	;# 
   122  0299                     	;# 
   123  029A                     	;# 
   124  029B                     	;# 
   125  029C                     	;# 
   126  029D                     	;# 
   127  029E                     	;# 
   128  0311                     	;# 
   129  0311                     	;# 
   130  0312                     	;# 
   131  0313                     	;# 
   132  0318                     	;# 
   133  0318                     	;# 
   134  0319                     	;# 
   135  031A                     	;# 
   136  038C                     	;# 
   137  038E                     	;# 
   138  0391                     	;# 
   139  0392                     	;# 
   140  0393                     	;# 
   141  039A                     	;# 
   142  039C                     	;# 
   143  039D                     	;# 
   144  039E                     	;# 
   145  039F                     	;# 
   146  0415                     	;# 
   147  0416                     	;# 
   148  0417                     	;# 
   149  041C                     	;# 
   150  041D                     	;# 
   151  041E                     	;# 
   152  0FE4                     	;# 
   153  0FE5                     	;# 
   154  0FE6                     	;# 
   155  0FE7                     	;# 
   156  0FE8                     	;# 
   157  0FE9                     	;# 
   158  0FEA                     	;# 
   159  0FEB                     	;# 
   160  0FED                     	;# 
   161  0FEE                     	;# 
   162  0FEF                     	;# 
   163  0000                     	;# 
   164  0001                     	;# 
   165  0002                     	;# 
   166  0003                     	;# 
   167  0004                     	;# 
   168  0005                     	;# 
   169  0006                     	;# 
   170  0007                     	;# 
   171  0008                     	;# 
   172  0009                     	;# 
   173  000A                     	;# 
   174  000B                     	;# 
   175  000C                     	;# 
   176  000E                     	;# 
   177  0011                     	;# 
   178  0012                     	;# 
   179  0013                     	;# 
   180  0015                     	;# 
   181  0016                     	;# 
   182  0016                     	;# 
   183  0017                     	;# 
   184  0018                     	;# 
   185  0019                     	;# 
   186  001A                     	;# 
   187  001B                     	;# 
   188  001C                     	;# 
   189  001E                     	;# 
   190  001F                     	;# 
   191  008C                     	;# 
   192  008E                     	;# 
   193  0091                     	;# 
   194  0092                     	;# 
   195  0093                     	;# 
   196  0095                     	;# 
   197  0096                     	;# 
   198  0097                     	;# 
   199  0098                     	;# 
   200  0099                     	;# 
   201  009A                     	;# 
   202  009B                     	;# 
   203  009B                     	;# 
   204  009C                     	;# 
   205  009D                     	;# 
   206  009E                     	;# 
   207  010C                     	;# 
   208  010E                     	;# 
   209  0111                     	;# 
   210  0112                     	;# 
   211  0113                     	;# 
   212  0114                     	;# 
   213  0115                     	;# 
   214  0116                     	;# 
   215  0117                     	;# 
   216  0118                     	;# 
   217  0119                     	;# 
   218  011A                     	;# 
   219  011B                     	;# 
   220  011D                     	;# 
   221  011E                     	;# 
   222  018C                     	;# 
   223  018E                     	;# 
   224  0191                     	;# 
   225  0191                     	;# 
   226  0192                     	;# 
   227  0193                     	;# 
   228  0193                     	;# 
   229  0193                     	;# 
   230  0194                     	;# 
   231  0195                     	;# 
   232  0196                     	;# 
   233  0199                     	;# 
   234  019A                     	;# 
   235  019B                     	;# 
   236  019B                     	;# 
   237  019C                     	;# 
   238  019D                     	;# 
   239  019E                     	;# 
   240  019F                     	;# 
   241  020C                     	;# 
   242  020E                     	;# 
   243  0211                     	;# 
   244  0211                     	;# 
   245  0212                     	;# 
   246  0212                     	;# 
   247  0213                     	;# 
   248  0213                     	;# 
   249  0214                     	;# 
   250  0214                     	;# 
   251  0215                     	;# 
   252  0215                     	;# 
   253  0215                     	;# 
   254  0216                     	;# 
   255  0216                     	;# 
   256  0217                     	;# 
   257  0217                     	;# 
   258  0291                     	;# 
   259  0291                     	;# 
   260  0292                     	;# 
   261  0293                     	;# 
   262  0294                     	;# 
   263  0295                     	;# 
   264  0295                     	;# 
   265  0296                     	;# 
   266  0298                     	;# 
   267  0298                     	;# 
   268  0299                     	;# 
   269  029A                     	;# 
   270  029B                     	;# 
   271  029C                     	;# 
   272  029D                     	;# 
   273  029E                     	;# 
   274  0311                     	;# 
   275  0311                     	;# 
   276  0312                     	;# 
   277  0313                     	;# 
   278  0318                     	;# 
   279  0318                     	;# 
   280  0319                     	;# 
   281  031A                     	;# 
   282  038C                     	;# 
   283  038E                     	;# 
   284  0391                     	;# 
   285  0392                     	;# 
   286  0393                     	;# 
   287  039A                     	;# 
   288  039C                     	;# 
   289  039D                     	;# 
   290  039E                     	;# 
   291  039F                     	;# 
   292  0415                     	;# 
   293  0416                     	;# 
   294  0417                     	;# 
   295  041C                     	;# 
   296  041D                     	;# 
   297  041E                     	;# 
   298  0FE4                     	;# 
   299  0FE5                     	;# 
   300  0FE6                     	;# 
   301  0FE7                     	;# 
   302  0FE8                     	;# 
   303  0FE9                     	;# 
   304  0FEA                     	;# 
   305  0FEB                     	;# 
   306  0FED                     	;# 
   307  0FEE                     	;# 
   308  0FEF                     	;# 
   309  0000                     	;# 
   310  0001                     	;# 
   311  0002                     	;# 
   312  0003                     	;# 
   313  0004                     	;# 
   314  0005                     	;# 
   315  0006                     	;# 
   316  0007                     	;# 
   317  0008                     	;# 
   318  0009                     	;# 
   319  000A                     	;# 
   320  000B                     	;# 
   321  000C                     	;# 
   322  000E                     	;# 
   323  0011                     	;# 
   324  0012                     	;# 
   325  0013                     	;# 
   326  0015                     	;# 
   327  0016                     	;# 
   328  0016                     	;# 
   329  0017                     	;# 
   330  0018                     	;# 
   331  0019                     	;# 
   332  001A                     	;# 
   333  001B                     	;# 
   334  001C                     	;# 
   335  001E                     	;# 
   336  001F                     	;# 
   337  008C                     	;# 
   338  008E                     	;# 
   339  0091                     	;# 
   340  0092                     	;# 
   341  0093                     	;# 
   342  0095                     	;# 
   343  0096                     	;# 
   344  0097                     	;# 
   345  0098                     	;# 
   346  0099                     	;# 
   347  009A                     	;# 
   348  009B                     	;# 
   349  009B                     	;# 
   350  009C                     	;# 
   351  009D                     	;# 
   352  009E                     	;# 
   353  010C                     	;# 
   354  010E                     	;# 
   355  0111                     	;# 
   356  0112                     	;# 
   357  0113                     	;# 
   358  0114                     	;# 
   359  0115                     	;# 
   360  0116                     	;# 
   361  0117                     	;# 
   362  0118                     	;# 
   363  0119                     	;# 
   364  011A                     	;# 
   365  011B                     	;# 
   366  011D                     	;# 
   367  011E                     	;# 
   368  018C                     	;# 
   369  018E                     	;# 
   370  0191                     	;# 
   371  0191                     	;# 
   372  0192                     	;# 
   373  0193                     	;# 
   374  0193                     	;# 
   375  0193                     	;# 
   376  0194                     	;# 
   377  0195                     	;# 
   378  0196                     	;# 
   379  0199                     	;# 
   380  019A                     	;# 
   381  019B                     	;# 
   382  019B                     	;# 
   383  019C                     	;# 
   384  019D                     	;# 
   385  019E                     	;# 
   386  019F                     	;# 
   387  020C                     	;# 
   388  020E                     	;# 
   389  0211                     	;# 
   390  0211                     	;# 
   391  0212                     	;# 
   392  0212                     	;# 
   393  0213                     	;# 
   394  0213                     	;# 
   395  0214                     	;# 
   396  0214                     	;# 
   397  0215                     	;# 
   398  0215                     	;# 
   399  0215                     	;# 
   400  0216                     	;# 
   401  0216                     	;# 
   402  0217                     	;# 
   403  0217                     	;# 
   404  0291                     	;# 
   405  0291                     	;# 
   406  0292                     	;# 
   407  0293                     	;# 
   408  0294                     	;# 
   409  0295                     	;# 
   410  0295                     	;# 
   411  0296                     	;# 
   412  0298                     	;# 
   413  0298                     	;# 
   414  0299                     	;# 
   415  029A                     	;# 
   416  029B                     	;# 
   417  029C                     	;# 
   418  029D                     	;# 
   419  029E                     	;# 
   420  0311                     	;# 
   421  0311                     	;# 
   422  0312                     	;# 
   423  0313                     	;# 
   424  0318                     	;# 
   425  0318                     	;# 
   426  0319                     	;# 
   427  031A                     	;# 
   428  038C                     	;# 
   429  038E                     	;# 
   430  0391                     	;# 
   431  0392                     	;# 
   432  0393                     	;# 
   433  039A                     	;# 
   434  039C                     	;# 
   435  039D                     	;# 
   436  039E                     	;# 
   437  039F                     	;# 
   438  0415                     	;# 
   439  0416                     	;# 
   440  0417                     	;# 
   441  041C                     	;# 
   442  041D                     	;# 
   443  041E                     	;# 
   444  0FE4                     	;# 
   445  0FE5                     	;# 
   446  0FE6                     	;# 
   447  0FE7                     	;# 
   448  0FE8                     	;# 
   449  0FE9                     	;# 
   450  0FEA                     	;# 
   451  0FEB                     	;# 
   452  0FED                     	;# 
   453  0FEE                     	;# 
   454  0FEF                     	;# 
   455  0000                     	;# 
   456  0001                     	;# 
   457  0002                     	;# 
   458  0003                     	;# 
   459  0004                     	;# 
   460  0005                     	;# 
   461  0006                     	;# 
   462  0007                     	;# 
   463  0008                     	;# 
   464  0009                     	;# 
   465  000A                     	;# 
   466  000B                     	;# 
   467  000C                     	;# 
   468  000E                     	;# 
   469  0011                     	;# 
   470  0012                     	;# 
   471  0013                     	;# 
   472  0015                     	;# 
   473  0016                     	;# 
   474  0016                     	;# 
   475  0017                     	;# 
   476  0018                     	;# 
   477  0019                     	;# 
   478  001A                     	;# 
   479  001B                     	;# 
   480  001C                     	;# 
   481  001E                     	;# 
   482  001F                     	;# 
   483  008C                     	;# 
   484  008E                     	;# 
   485  0091                     	;# 
   486  0092                     	;# 
   487  0093                     	;# 
   488  0095                     	;# 
   489  0096                     	;# 
   490  0097                     	;# 
   491  0098                     	;# 
   492  0099                     	;# 
   493  009A                     	;# 
   494  009B                     	;# 
   495  009B                     	;# 
   496  009C                     	;# 
   497  009D                     	;# 
   498  009E                     	;# 
   499  010C                     	;# 
   500  010E                     	;# 
   501  0111                     	;# 
   502  0112                     	;# 
   503  0113                     	;# 
   504  0114                     	;# 
   505  0115                     	;# 
   506  0116                     	;# 
   507  0117                     	;# 
   508  0118                     	;# 
   509  0119                     	;# 
   510  011A                     	;# 
   511  011B                     	;# 
   512  011D                     	;# 
   513  011E                     	;# 
   514  018C                     	;# 
   515  018E                     	;# 
   516  0191                     	;# 
   517  0191                     	;# 
   518  0192                     	;# 
   519  0193                     	;# 
   520  0193                     	;# 
   521  0193                     	;# 
   522  0194                     	;# 
   523  0195                     	;# 
   524  0196                     	;# 
   525  0199                     	;# 
   526  019A                     	;# 
   527  019B                     	;# 
   528  019B                     	;# 
   529  019C                     	;# 
   530  019D                     	;# 
   531  019E                     	;# 
   532  019F                     	;# 
   533  020C                     	;# 
   534  020E                     	;# 
   535  0211                     	;# 
   536  0211                     	;# 
   537  0212                     	;# 
   538  0212                     	;# 
   539  0213                     	;# 
   540  0213                     	;# 
   541  0214                     	;# 
   542  0214                     	;# 
   543  0215                     	;# 
   544  0215                     	;# 
   545  0215                     	;# 
   546  0216                     	;# 
   547  0216                     	;# 
   548  0217                     	;# 
   549  0217                     	;# 
   550  0291                     	;# 
   551  0291                     	;# 
   552  0292                     	;# 
   553  0293                     	;# 
   554  0294                     	;# 
   555  0295                     	;# 
   556  0295                     	;# 
   557  0296                     	;# 
   558  0298                     	;# 
   559  0298                     	;# 
   560  0299                     	;# 
   561  029A                     	;# 
   562  029B                     	;# 
   563  029C                     	;# 
   564  029D                     	;# 
   565  029E                     	;# 
   566  0311                     	;# 
   567  0311                     	;# 
   568  0312                     	;# 
   569  0313                     	;# 
   570  0318                     	;# 
   571  0318                     	;# 
   572  0319                     	;# 
   573  031A                     	;# 
   574  038C                     	;# 
   575  038E                     	;# 
   576  0391                     	;# 
   577  0392                     	;# 
   578  0393                     	;# 
   579  039A                     	;# 
   580  039C                     	;# 
   581  039D                     	;# 
   582  039E                     	;# 
   583  039F                     	;# 
   584  0415                     	;# 
   585  0416                     	;# 
   586  0417                     	;# 
   587  041C                     	;# 
   588  041D                     	;# 
   589  041E                     	;# 
   590  0FE4                     	;# 
   591  0FE5                     	;# 
   592  0FE6                     	;# 
   593  0FE7                     	;# 
   594  0FE8                     	;# 
   595  0FE9                     	;# 
   596  0FEA                     	;# 
   597  0FEB                     	;# 
   598  0FED                     	;# 
   599  0FEE                     	;# 
   600  0FEF                     	;# 
   601  0000                     	;# 
   602  0001                     	;# 
   603  0002                     	;# 
   604  0003                     	;# 
   605  0004                     	;# 
   606  0005                     	;# 
   607  0006                     	;# 
   608  0007                     	;# 
   609  0008                     	;# 
   610  0009                     	;# 
   611  000A                     	;# 
   612  000B                     	;# 
   613  000C                     	;# 
   614  000E                     	;# 
   615  0011                     	;# 
   616  0012                     	;# 
   617  0013                     	;# 
   618  0015                     	;# 
   619  0016                     	;# 
   620  0016                     	;# 
   621  0017                     	;# 
   622  0018                     	;# 
   623  0019                     	;# 
   624  001A                     	;# 
   625  001B                     	;# 
   626  001C                     	;# 
   627  001E                     	;# 
   628  001F                     	;# 
   629  008C                     	;# 
   630  008E                     	;# 
   631  0091                     	;# 
   632  0092                     	;# 
   633  0093                     	;# 
   634  0095                     	;# 
   635  0096                     	;# 
   636  0097                     	;# 
   637  0098                     	;# 
   638  0099                     	;# 
   639  009A                     	;# 
   640  009B                     	;# 
   641  009B                     	;# 
   642  009C                     	;# 
   643  009D                     	;# 
   644  009E                     	;# 
   645  010C                     	;# 
   646  010E                     	;# 
   647  0111                     	;# 
   648  0112                     	;# 
   649  0113                     	;# 
   650  0114                     	;# 
   651  0115                     	;# 
   652  0116                     	;# 
   653  0117                     	;# 
   654  0118                     	;# 
   655  0119                     	;# 
   656  011A                     	;# 
   657  011B                     	;# 
   658  011D                     	;# 
   659  011E                     	;# 
   660  018C                     	;# 
   661  018E                     	;# 
   662  0191                     	;# 
   663  0191                     	;# 
   664  0192                     	;# 
   665  0193                     	;# 
   666  0193                     	;# 
   667  0193                     	;# 
   668  0194                     	;# 
   669  0195                     	;# 
   670  0196                     	;# 
   671  0199                     	;# 
   672  019A                     	;# 
   673  019B                     	;# 
   674  019B                     	;# 
   675  019C                     	;# 
   676  019D                     	;# 
   677  019E                     	;# 
   678  019F                     	;# 
   679  020C                     	;# 
   680  020E                     	;# 
   681  0211                     	;# 
   682  0211                     	;# 
   683  0212                     	;# 
   684  0212                     	;# 
   685  0213                     	;# 
   686  0213                     	;# 
   687  0214                     	;# 
   688  0214                     	;# 
   689  0215                     	;# 
   690  0215                     	;# 
   691  0215                     	;# 
   692  0216                     	;# 
   693  0216                     	;# 
   694  0217                     	;# 
   695  0217                     	;# 
   696  0291                     	;# 
   697  0291                     	;# 
   698  0292                     	;# 
   699  0293                     	;# 
   700  0294                     	;# 
   701  0295                     	;# 
   702  0295                     	;# 
   703  0296                     	;# 
   704  0298                     	;# 
   705  0298                     	;# 
   706  0299                     	;# 
   707  029A                     	;# 
   708  029B                     	;# 
   709  029C                     	;# 
   710  029D                     	;# 
   711  029E                     	;# 
   712  0311                     	;# 
   713  0311                     	;# 
   714  0312                     	;# 
   715  0313                     	;# 
   716  0318                     	;# 
   717  0318                     	;# 
   718  0319                     	;# 
   719  031A                     	;# 
   720  038C                     	;# 
   721  038E                     	;# 
   722  0391                     	;# 
   723  0392                     	;# 
   724  0393                     	;# 
   725  039A                     	;# 
   726  039C                     	;# 
   727  039D                     	;# 
   728  039E                     	;# 
   729  039F                     	;# 
   730  0415                     	;# 
   731  0416                     	;# 
   732  0417                     	;# 
   733  041C                     	;# 
   734  041D                     	;# 
   735  041E                     	;# 
   736  0FE4                     	;# 
   737  0FE5                     	;# 
   738  0FE6                     	;# 
   739  0FE7                     	;# 
   740  0FE8                     	;# 
   741  0FE9                     	;# 
   742  0FEA                     	;# 
   743  0FEB                     	;# 
   744  0FED                     	;# 
   745  0FEE                     	;# 
   746  0FEF                     	;# 
   747  000B                     _INTCONbits	set	11
   748  000C                     _PORTAbits	set	12
   749  0015                     _TMR0	set	21
   750  0095                     _OPTION_REG	set	149
   751  0095                     _OPTION_REGbits	set	149
   752  0099                     _OSCCON	set	153
   753  009A                     _OSCSTAT	set	154
   754  0098                     _OSCTUNE	set	152
   755  008C                     _TRISA	set	140
   756  008E                     _TRISC	set	142
   757  011D                     _APFCON0	set	285
   758  011E                     _APFCON1	set	286
   759  010C                     _LATA	set	268
   760  010E                     _LATC	set	270
   761  0870                     _LATC0	set	2160
   762  0871                     _LATC1	set	2161
   763  0872                     _LATC2	set	2162
   764  0873                     _LATC3	set	2163
   765  018C                     _ANSELA	set	396
   766  018E                     _ANSELC	set	398
   767  020C                     _WPUA	set	524
   768  020E                     _WPUC	set	526
   769  1C9C                     _IOCAF4	set	7324
   770  1C9D                     _IOCAF5	set	7325
   771  1C94                     _IOCAN4	set	7316
   772  1C95                     _IOCAN5	set	7317
   773                           
   774                           	psect	text0
   775  0000                     __ptext0:	
   776                           ; #config settings
   777                           
   778                           
   779                           ;psect for function _PIN_MANAGER_IOC
   780  0000                     
   781                           	psect	cinit
   782  001B                     start_initialization:	
   783  001B                     __initialization:	
   784                           
   785                           ; Clear objects allocated to COMMON
   786  001B  01F0               	clrf	__pbssCOMMON& (0+127)
   787  001C  01F1               	clrf	(__pbssCOMMON+1)& (0+127)
   788  001D  01F2               	clrf	(__pbssCOMMON+2)& (0+127)
   789  001E  01F3               	clrf	(__pbssCOMMON+3)& (0+127)
   790  001F  01F4               	clrf	(__pbssCOMMON+4)& (0+127)
   791  0020  01F5               	clrf	(__pbssCOMMON+5)& (0+127)
   792  0021  01F6               	clrf	(__pbssCOMMON+6)& (0+127)
   793  0022  01F7               	clrf	(__pbssCOMMON+7)& (0+127)
   794  0023                     end_of_initialization:	
   795                           ;End of C runtime variable initialization code
   796                           
   797  0023                     __end_of__initialization:	
   798  0023  0020               	movlb	0
   799  0024  3180  2826         	ljmp	_main	;jump to C main() function
   800                           
   801                           	psect	bssCOMMON
   802  0070                     __pbssCOMMON:	
   803  0070                     _counter:	
   804  0070                     	ds	1
   805  0071                     _ledbuttonpressed:	
   806  0071                     	ds	1
   807  0072                     _ms130flag:	
   808  0072                     	ds	1
   809  0073                     _newcounter:	
   810  0073                     	ds	1
   811  0074                     _newcounter1:	
   812  0074                     	ds	1
   813  0075                     _newcounter2:	
   814  0075                     	ds	1
   815  0076                     _newcounter3:	
   816  0076                     	ds	1
   817  0077                     _timer0ReloadVal:	
   818  0077                     	ds	1
   819                           
   820                           	psect	cstackCOMMON
   821  0078                     __pcstackCOMMON:	
   822  0078                     ?_OSCILLATOR_Initialize:	
   823  0078                     ?_TMR0_Initialize:	
   824                           ; 0 bytes @ 0x0
   825                           
   826  0078                     ?_TMR0_ISR:	
   827                           ; 0 bytes @ 0x0
   828                           
   829  0078                     ??_TMR0_ISR:	
   830                           ; 0 bytes @ 0x0
   831                           
   832  0078                     ?_PIN_MANAGER_Initialize:	
   833                           ; 0 bytes @ 0x0
   834                           
   835  0078                     ?_PIN_MANAGER_IOC:	
   836                           ; 0 bytes @ 0x0
   837                           
   838  0078                     ??_PIN_MANAGER_IOC:	
   839                           ; 0 bytes @ 0x0
   840                           
   841  0078                     ?_SYSTEM_Initialize:	
   842                           ; 0 bytes @ 0x0
   843                           
   844  0078                     ?_INTERRUPT_InterruptManager:	
   845                           ; 0 bytes @ 0x0
   846                           
   847  0078                     ?_main:	
   848                           ; 0 bytes @ 0x0
   849                           
   850                           
   851                           ; 0 bytes @ 0x0
   852  0078                     	ds	1
   853  0079                     ??_INTERRUPT_InterruptManager:	
   854                           
   855                           ; 0 bytes @ 0x1
   856  0079                     	ds	1
   857  007A                     ??_OSCILLATOR_Initialize:	
   858  007A                     ??_TMR0_Initialize:	
   859                           ; 0 bytes @ 0x2
   860                           
   861  007A                     ??_PIN_MANAGER_Initialize:	
   862                           ; 0 bytes @ 0x2
   863                           
   864  007A                     ??_SYSTEM_Initialize:	
   865                           ; 0 bytes @ 0x2
   866                           
   867  007A                     ??_main:	
   868                           ; 0 bytes @ 0x2
   869                           
   870                           
   871                           ; 0 bytes @ 0x2
   872  007A                     	ds	1
   873                           
   874                           	psect	maintext
   875  0026                     __pmaintext:	
   876 ;;
   877 ;;Main: autosize = 0, tempsize = 1, incstack = 0, save=0
   878 ;;
   879 ;; *************** function _main *****************
   880 ;; Defined at:
   881 ;;		line 62 in file "main.c"
   882 ;; Parameters:    Size  Location     Type
   883 ;;		None
   884 ;; Auto vars:     Size  Location     Type
   885 ;;		None
   886 ;; Return value:  Size  Location     Type
   887 ;;		None               void
   888 ;; Registers used:
   889 ;;		wreg, status,2, status,0, pclath, cstack
   890 ;; Tracked objects:
   891 ;;		On entry : B1F/0
   892 ;;		On exit  : 0/0
   893 ;;		Unchanged: 0/0
   894 ;; Data sizes:     COMMON   BANK0   BANK1   BANK2   BANK3   BANK4   BANK5   BANK6   BANK7   BANK8   BANK9  BANK10  BANK1
      +1  BANK12
   895 ;;      Params:         0       0       0       0       0       0       0       0       0       0       0       0       
      +0       0
   896 ;;      Locals:         0       0       0       0       0       0       0       0       0       0       0       0       
      +0       0
   897 ;;      Temps:          1       0       0       0       0       0       0       0       0       0       0       0       
      +0       0
   898 ;;      Totals:         1       0       0       0       0       0       0       0       0       0       0       0       
      +0       0
   899 ;;Total ram usage:        1 bytes
   900 ;; Hardware stack levels required when called:    4
   901 ;; This function calls:
   902 ;;		_SYSTEM_Initialize
   903 ;; This function is called by:
   904 ;;		Startup code after reset
   905 ;; This function uses a non-reentrant model
   906 ;;
   907                           
   908                           
   909                           ;psect for function _main
   910  0026                     _main:	
   911                           
   912                           ;main.c: 65: SYSTEM_Initialize();
   913                           
   914                           ;incstack = 0
   915                           ; Regs used in _main: [wreg+status,2+status,0+pclath+cstack]
   916  0026  3180  20CD  3180   	fcall	_SYSTEM_Initialize
   917                           
   918                           ;main.c: 69: (INTCONbits.GIE = 1);
   919  0029  178B               	bsf	11,7	;volatile
   920                           
   921                           ;main.c: 71: (INTCONbits.PEIE = 1);
   922  002A  170B               	bsf	11,6	;volatile
   923  002B                     l686:	
   924                           ;main.c: 76: while (1)
   925                           
   926                           
   927                           ;main.c: 77: {
   928                           ;main.c: 78: if (ms130flag == 1)
   929  002B  0372               	decf	_ms130flag,w
   930  002C  1D03               	btfss	3,2
   931  002D  282B               	goto	l686
   932                           
   933                           ;main.c: 79: {
   934                           ;main.c: 80: ms130flag = 0;
   935  002E  01F2               	clrf	_ms130flag
   936                           
   937                           ;main.c: 81: counter++;
   938  002F  3001               	movlw	1
   939  0030  00FA               	movwf	??_main
   940  0031  087A               	movf	??_main,w
   941  0032  07F0               	addwf	_counter,f
   942                           
   943                           ;main.c: 82: if (counter > 3)
   944  0033  3004               	movlw	4
   945  0034  0270               	subwf	_counter,w
   946  0035  1803               	btfsc	3,0
   947                           
   948                           ;main.c: 83: counter = 0;
   949  0036  01F0               	clrf	_counter
   950                           
   951                           ;main.c: 85: if(counter){
   952  0037  0870               	movf	_counter,w
   953  0038  1903               	btfsc	3,2
   954  0039  282B               	goto	l686
   955                           
   956                           ;main.c: 86: newcounter++;
   957  003A  3001               	movlw	1
   958  003B  00FA               	movwf	??_main
   959  003C  087A               	movf	??_main,w
   960  003D  07F3               	addwf	_newcounter,f
   961                           
   962                           ;main.c: 87: if (newcounter == 3){
   963  003E  3003               	movlw	3
   964  003F  0673               	xorwf	_newcounter,w
   965  0040  1D03               	btfss	3,2
   966  0041  284D               	goto	l710
   967                           
   968                           ;main.c: 88: newcounter = 0;
   969  0042  01F3               	clrf	_newcounter
   970                           
   971                           ;main.c: 89: if(ledbuttonpressed==1){
   972  0043  0371               	decf	_ledbuttonpressed,w
   973  0044  1D03               	btfss	3,2
   974  0045  284D               	goto	l710
   975                           
   976                           ;main.c: 90: LATC0= ~LATC0;
   977  0046  3001               	movlw	1
   978  0047  0022               	movlb	2	; select bank2
   979  0048  068E               	xorwf	14,f
   980                           
   981                           ;main.c: 91: LATC1=0;
   982  0049  108E               	bcf	14,1	;volatile
   983                           
   984                           ;main.c: 92: LATC2= ~LATC2;
   985  004A  3004               	movlw	4
   986  004B  068E               	xorwf	14,f
   987                           
   988                           ;main.c: 93: LATC3=0;
   989  004C  118E               	bcf	14,3	;volatile
   990  004D                     l710:	
   991                           
   992                           ;main.c: 94: }
   993                           ;main.c: 95: }
   994                           ;main.c: 96: newcounter1++;
   995  004D  3001               	movlw	1
   996  004E  00FA               	movwf	??_main
   997  004F  087A               	movf	??_main,w
   998  0050  07F4               	addwf	_newcounter1,f
   999                           
  1000                           ;main.c: 97: if ( newcounter1 == 1)
  1001  0051  0374               	decf	_newcounter1,w
  1002  0052  1D03               	btfss	3,2
  1003  0053  2862               	goto	l720
  1004                           
  1005                           ;main.c: 98: {
  1006                           ;main.c: 99: newcounter1=0;
  1007  0054  01F4               	clrf	_newcounter1
  1008                           
  1009                           ;main.c: 100: if(ledbuttonpressed==2){
  1010  0055  3002               	movlw	2
  1011  0056  0671               	xorwf	_ledbuttonpressed,w
  1012  0057  1D03               	btfss	3,2
  1013  0058  2862               	goto	l720
  1014                           
  1015                           ;main.c: 102: LATC0= ~LATC0;
  1016  0059  3001               	movlw	1
  1017  005A  0022               	movlb	2	; select bank2
  1018  005B  068E               	xorwf	14,f
  1019                           
  1020                           ;main.c: 103: LATC1= ~LATC1;
  1021  005C  3002               	movlw	2
  1022  005D  068E               	xorwf	14,f
  1023                           
  1024                           ;main.c: 104: LATC2= ~LATC2;
  1025  005E  3004               	movlw	4
  1026  005F  068E               	xorwf	14,f
  1027                           
  1028                           ;main.c: 105: LATC3= ~LATC3;
  1029  0060  3008               	movlw	8
  1030  0061  068E               	xorwf	14,f
  1031  0062                     l720:	
  1032                           
  1033                           ;main.c: 107: }
  1034                           ;main.c: 108: }
  1035                           ;main.c: 109: newcounter2++;
  1036  0062  3001               	movlw	1
  1037  0063  00FA               	movwf	??_main
  1038  0064  087A               	movf	??_main,w
  1039  0065  07F5               	addwf	_newcounter2,f
  1040                           
  1041                           ;main.c: 111: if ( newcounter2 == 2)
  1042  0066  3002               	movlw	2
  1043  0067  0675               	xorwf	_newcounter2,w
  1044  0068  1D03               	btfss	3,2
  1045  0069  2876               	goto	l734
  1046                           
  1047                           ;main.c: 112: {
  1048                           ;main.c: 113: newcounter2=0;
  1049  006A  01F5               	clrf	_newcounter2
  1050                           
  1051                           ;main.c: 114: if(ledbuttonpressed==3){
  1052  006B  3003               	movlw	3
  1053  006C  0671               	xorwf	_ledbuttonpressed,w
  1054  006D  1D03               	btfss	3,2
  1055  006E  2876               	goto	l734
  1056                           
  1057                           ;main.c: 116: LATC0=0;
  1058  006F  0022               	movlb	2	; select bank2
  1059  0070  100E               	bcf	14,0	;volatile
  1060                           
  1061                           ;main.c: 117: LATC1= ~LATC1;
  1062  0071  3002               	movlw	2
  1063  0072  068E               	xorwf	14,f
  1064                           
  1065                           ;main.c: 118: LATC2= 0;
  1066  0073  110E               	bcf	14,2	;volatile
  1067                           
  1068                           ;main.c: 119: LATC3= ~LATC3;
  1069  0074  3008               	movlw	8
  1070  0075  068E               	xorwf	14,f
  1071  0076                     l734:	
  1072                           
  1073                           ;main.c: 121: }
  1074                           ;main.c: 127: }
  1075                           ;main.c: 128: newcounter3++;
  1076  0076  3001               	movlw	1
  1077  0077  00FA               	movwf	??_main
  1078  0078  087A               	movf	??_main,w
  1079  0079  07F6               	addwf	_newcounter3,f
  1080                           
  1081                           ;main.c: 130: if ( newcounter3 == 2)
  1082  007A  3002               	movlw	2
  1083  007B  0676               	xorwf	_newcounter3,w
  1084  007C  1D03               	btfss	3,2
  1085  007D  282B               	goto	l686
  1086                           
  1087                           ;main.c: 131: {
  1088                           ;main.c: 132: newcounter2=0;
  1089  007E  01F5               	clrf	_newcounter2
  1090                           
  1091                           ;main.c: 133: if(ledbuttonpressed==4){
  1092  007F  3004               	movlw	4
  1093  0080  0671               	xorwf	_ledbuttonpressed,w
  1094  0081  1D03               	btfss	3,2
  1095  0082  282B               	goto	l686
  1096                           
  1097                           ;main.c: 135: LATC0=1;
  1098  0083  0022               	movlb	2	; select bank2
  1099  0084  140E               	bsf	14,0	;volatile
  1100                           
  1101                           ;main.c: 136: LATC1=0;
  1102  0085  108E               	bcf	14,1	;volatile
  1103                           
  1104                           ;main.c: 137: LATC2=0;
  1105  0086  110E               	bcf	14,2	;volatile
  1106                           
  1107                           ;main.c: 138: LATC3=1;
  1108  0087  158E               	bsf	14,3	;volatile
  1109  0088  282B               	goto	l686
  1110  0089                     __end_of_main:	
  1111                           
  1112                           	psect	text1
  1113  00CD                     __ptext1:	
  1114 ;; *************** function _SYSTEM_Initialize *****************
  1115 ;; Defined at:
  1116 ;;		line 70 in file "mcc_generated_files/mcc.c"
  1117 ;; Parameters:    Size  Location     Type
  1118 ;;		None
  1119 ;; Auto vars:     Size  Location     Type
  1120 ;;		None
  1121 ;; Return value:  Size  Location     Type
  1122 ;;		None               void
  1123 ;; Registers used:
  1124 ;;		wreg, status,2, status,0, pclath, cstack
  1125 ;; Tracked objects:
  1126 ;;		On entry : 0/0
  1127 ;;		On exit  : 0/0
  1128 ;;		Unchanged: 0/0
  1129 ;; Data sizes:     COMMON   BANK0   BANK1   BANK2   BANK3   BANK4   BANK5   BANK6   BANK7   BANK8   BANK9  BANK10  BANK1
      +1  BANK12
  1130 ;;      Params:         0       0       0       0       0       0       0       0       0       0       0       0       
      +0       0
  1131 ;;      Locals:         0       0       0       0       0       0       0       0       0       0       0       0       
      +0       0
  1132 ;;      Temps:          0       0       0       0       0       0       0       0       0       0       0       0       
      +0       0
  1133 ;;      Totals:         0       0       0       0       0       0       0       0       0       0       0       0       
      +0       0
  1134 ;;Total ram usage:        0 bytes
  1135 ;; Hardware stack levels used:    1
  1136 ;; Hardware stack levels required when called:    3
  1137 ;; This function calls:
  1138 ;;		_OSCILLATOR_Initialize
  1139 ;;		_PIN_MANAGER_Initialize
  1140 ;;		_TMR0_Initialize
  1141 ;; This function is called by:
  1142 ;;		_main
  1143 ;; This function uses a non-reentrant model
  1144 ;;
  1145                           
  1146                           
  1147                           ;psect for function _SYSTEM_Initialize
  1148  00CD                     _SYSTEM_Initialize:	
  1149                           
  1150                           ;mcc.c: 72: OSCILLATOR_Initialize();
  1151                           
  1152                           ;incstack = 0
  1153                           ; Regs used in _SYSTEM_Initialize: [wreg+status,2+status,0+pclath+cstack]
  1154  00CD  3180  20DD  3180   	fcall	_OSCILLATOR_Initialize
  1155                           
  1156                           ;mcc.c: 73: PIN_MANAGER_Initialize();
  1157  00D0  3180  2089  3180   	fcall	_PIN_MANAGER_Initialize
  1158                           
  1159                           ;mcc.c: 74: TMR0_Initialize();
  1160  00D3  3180  20C2         	fcall	_TMR0_Initialize
  1161  00D5  0008               	return
  1162  00D6                     __end_of_SYSTEM_Initialize:	
  1163                           
  1164                           	psect	text2
  1165  00C2                     __ptext2:	
  1166 ;; *************** function _TMR0_Initialize *****************
  1167 ;; Defined at:
  1168 ;;		line 64 in file "mcc_generated_files/tmr0.c"
  1169 ;; Parameters:    Size  Location     Type
  1170 ;;		None
  1171 ;; Auto vars:     Size  Location     Type
  1172 ;;		None
  1173 ;; Return value:  Size  Location     Type
  1174 ;;		None               void
  1175 ;; Registers used:
  1176 ;;		wreg, status,2
  1177 ;; Tracked objects:
  1178 ;;		On entry : 0/0
  1179 ;;		On exit  : 0/0
  1180 ;;		Unchanged: 0/0
  1181 ;; Data sizes:     COMMON   BANK0   BANK1   BANK2   BANK3   BANK4   BANK5   BANK6   BANK7   BANK8   BANK9  BANK10  BANK1
      +1  BANK12
  1182 ;;      Params:         0       0       0       0       0       0       0       0       0       0       0       0       
      +0       0
  1183 ;;      Locals:         0       0       0       0       0       0       0       0       0       0       0       0       
      +0       0
  1184 ;;      Temps:          0       0       0       0       0       0       0       0       0       0       0       0       
      +0       0
  1185 ;;      Totals:         0       0       0       0       0       0       0       0       0       0       0       0       
      +0       0
  1186 ;;Total ram usage:        0 bytes
  1187 ;; Hardware stack levels used:    1
  1188 ;; Hardware stack levels required when called:    2
  1189 ;; This function calls:
  1190 ;;		Nothing
  1191 ;; This function is called by:
  1192 ;;		_SYSTEM_Initialize
  1193 ;; This function uses a non-reentrant model
  1194 ;;
  1195                           
  1196                           
  1197                           ;psect for function _TMR0_Initialize
  1198  00C2                     _TMR0_Initialize:	
  1199                           
  1200                           ;tmr0.c: 69: OPTION_REG = (OPTION_REG & 0xC0) | 0xD7 & 0x3F;
  1201                           
  1202                           ;incstack = 0
  1203                           ; Regs used in _TMR0_Initialize: [wreg+status,2]
  1204  00C2  0021               	movlb	1	; select bank1
  1205  00C3  0815               	movf	21,w	;volatile
  1206  00C4  39C0               	andlw	192
  1207  00C5  3817               	iorlw	23
  1208  00C6  0095               	movwf	21	;volatile
  1209                           
  1210                           ;tmr0.c: 72: TMR0 = 0x00;
  1211  00C7  0020               	movlb	0	; select bank0
  1212  00C8  0195               	clrf	21	;volatile
  1213                           
  1214                           ;tmr0.c: 75: timer0ReloadVal= 0;
  1215  00C9  01F7               	clrf	_timer0ReloadVal	;volatile
  1216                           
  1217                           ;tmr0.c: 78: INTCONbits.TMR0IF = 0;
  1218  00CA  110B               	bcf	11,2	;volatile
  1219                           
  1220                           ;tmr0.c: 81: INTCONbits.TMR0IE = 1;
  1221  00CB  168B               	bsf	11,5	;volatile
  1222  00CC  0008               	return
  1223  00CD                     __end_of_TMR0_Initialize:	
  1224                           
  1225                           	psect	text3
  1226  0089                     __ptext3:	
  1227 ;; *************** function _PIN_MANAGER_Initialize *****************
  1228 ;; Defined at:
  1229 ;;		line 51 in file "mcc_generated_files/pin_manager.c"
  1230 ;; Parameters:    Size  Location     Type
  1231 ;;		None
  1232 ;; Auto vars:     Size  Location     Type
  1233 ;;		None
  1234 ;; Return value:  Size  Location     Type
  1235 ;;		None               void
  1236 ;; Registers used:
  1237 ;;		wreg, status,2
  1238 ;; Tracked objects:
  1239 ;;		On entry : 0/0
  1240 ;;		On exit  : 0/0
  1241 ;;		Unchanged: 0/0
  1242 ;; Data sizes:     COMMON   BANK0   BANK1   BANK2   BANK3   BANK4   BANK5   BANK6   BANK7   BANK8   BANK9  BANK10  BANK1
      +1  BANK12
  1243 ;;      Params:         0       0       0       0       0       0       0       0       0       0       0       0       
      +0       0
  1244 ;;      Locals:         0       0       0       0       0       0       0       0       0       0       0       0       
      +0       0
  1245 ;;      Temps:          0       0       0       0       0       0       0       0       0       0       0       0       
      +0       0
  1246 ;;      Totals:         0       0       0       0       0       0       0       0       0       0       0       0       
      +0       0
  1247 ;;Total ram usage:        0 bytes
  1248 ;; Hardware stack levels used:    1
  1249 ;; Hardware stack levels required when called:    2
  1250 ;; This function calls:
  1251 ;;		Nothing
  1252 ;; This function is called by:
  1253 ;;		_SYSTEM_Initialize
  1254 ;; This function uses a non-reentrant model
  1255 ;;
  1256                           
  1257                           
  1258                           ;psect for function _PIN_MANAGER_Initialize
  1259  0089                     _PIN_MANAGER_Initialize:	
  1260                           
  1261                           ;pin_manager.c: 53: LATA = 0x00;
  1262                           
  1263                           ;incstack = 0
  1264                           ; Regs used in _PIN_MANAGER_Initialize: [wreg+status,2]
  1265  0089  0022               	movlb	2	; select bank2
  1266  008A  018C               	clrf	12	;volatile
  1267                           
  1268                           ;pin_manager.c: 54: TRISA = 0x3F;
  1269  008B  303F               	movlw	63
  1270  008C  0021               	movlb	1	; select bank1
  1271  008D  008C               	movwf	12	;volatile
  1272                           
  1273                           ;pin_manager.c: 55: ANSELA = 0x07;
  1274  008E  3007               	movlw	7
  1275  008F  0023               	movlb	3	; select bank3
  1276  0090  008C               	movwf	12	;volatile
  1277                           
  1278                           ;pin_manager.c: 56: WPUA = 0x30;
  1279  0091  3030               	movlw	48
  1280  0092  0024               	movlb	4	; select bank4
  1281  0093  008C               	movwf	12	;volatile
  1282                           
  1283                           ;pin_manager.c: 58: LATC = 0x00;
  1284  0094  0022               	movlb	2	; select bank2
  1285  0095  018E               	clrf	14	;volatile
  1286                           
  1287                           ;pin_manager.c: 59: TRISC = 0x30;
  1288  0096  3030               	movlw	48
  1289  0097  0021               	movlb	1	; select bank1
  1290  0098  008E               	movwf	14	;volatile
  1291                           
  1292                           ;pin_manager.c: 60: ANSELC = 0x00;
  1293  0099  0023               	movlb	3	; select bank3
  1294  009A  018E               	clrf	14	;volatile
  1295                           
  1296                           ;pin_manager.c: 61: WPUC = 0x00;
  1297  009B  0024               	movlb	4	; select bank4
  1298  009C  018E               	clrf	14	;volatile
  1299                           
  1300                           ;pin_manager.c: 63: OPTION_REGbits.nWPUEN = 0x00;
  1301  009D  0021               	movlb	1	; select bank1
  1302  009E  1395               	bcf	21,7	;volatile
  1303                           
  1304                           ;pin_manager.c: 65: APFCON0 = 0x00;
  1305  009F  0022               	movlb	2	; select bank2
  1306  00A0  019D               	clrf	29	;volatile
  1307                           
  1308                           ;pin_manager.c: 67: APFCON1 = 0x00;
  1309  00A1  019E               	clrf	30	;volatile
  1310                           
  1311                           ;pin_manager.c: 70: IOCAN4 = 1;
  1312  00A2  0027               	movlb	7	; select bank7
  1313  00A3  1612               	bsf	18,4	;volatile
  1314                           
  1315                           ;pin_manager.c: 71: IOCAN5 = 1;
  1316  00A4  1692               	bsf	18,5	;volatile
  1317                           
  1318                           ;pin_manager.c: 74: INTCONbits.IOCIE = 1;
  1319  00A5  158B               	bsf	11,3	;volatile
  1320  00A6  0008               	return
  1321  00A7                     __end_of_PIN_MANAGER_Initialize:	
  1322                           
  1323                           	psect	text4
  1324  00DD                     __ptext4:	
  1325 ;; *************** function _OSCILLATOR_Initialize *****************
  1326 ;; Defined at:
  1327 ;;		line 77 in file "mcc_generated_files/mcc.c"
  1328 ;; Parameters:    Size  Location     Type
  1329 ;;		None
  1330 ;; Auto vars:     Size  Location     Type
  1331 ;;		None
  1332 ;; Return value:  Size  Location     Type
  1333 ;;		None               void
  1334 ;; Registers used:
  1335 ;;		wreg, status,2
  1336 ;; Tracked objects:
  1337 ;;		On entry : 0/0
  1338 ;;		On exit  : 0/0
  1339 ;;		Unchanged: 0/0
  1340 ;; Data sizes:     COMMON   BANK0   BANK1   BANK2   BANK3   BANK4   BANK5   BANK6   BANK7   BANK8   BANK9  BANK10  BANK1
      +1  BANK12
  1341 ;;      Params:         0       0       0       0       0       0       0       0       0       0       0       0       
      +0       0
  1342 ;;      Locals:         0       0       0       0       0       0       0       0       0       0       0       0       
      +0       0
  1343 ;;      Temps:          0       0       0       0       0       0       0       0       0       0       0       0       
      +0       0
  1344 ;;      Totals:         0       0       0       0       0       0       0       0       0       0       0       0       
      +0       0
  1345 ;;Total ram usage:        0 bytes
  1346 ;; Hardware stack levels used:    1
  1347 ;; Hardware stack levels required when called:    2
  1348 ;; This function calls:
  1349 ;;		Nothing
  1350 ;; This function is called by:
  1351 ;;		_SYSTEM_Initialize
  1352 ;; This function uses a non-reentrant model
  1353 ;;
  1354                           
  1355                           
  1356                           ;psect for function _OSCILLATOR_Initialize
  1357  00DD                     _OSCILLATOR_Initialize:	
  1358                           
  1359                           ;mcc.c: 80: OSCCON = 0x6A;
  1360                           
  1361                           ;incstack = 0
  1362                           ; Regs used in _OSCILLATOR_Initialize: [wreg+status,2]
  1363  00DD  306A               	movlw	106
  1364  00DE  0021               	movlb	1	; select bank1
  1365  00DF  0099               	movwf	25	;volatile
  1366                           
  1367                           ;mcc.c: 82: OSCSTAT = 0x00;
  1368  00E0  019A               	clrf	26	;volatile
  1369                           
  1370                           ;mcc.c: 84: OSCTUNE = 0x00;
  1371  00E1  0198               	clrf	24	;volatile
  1372  00E2  0008               	return
  1373  00E3                     __end_of_OSCILLATOR_Initialize:	
  1374                           
  1375                           	psect	intentry
  1376  0004                     __pintentry:	
  1377 ;; *************** function _INTERRUPT_InterruptManager *****************
  1378 ;; Defined at:
  1379 ;;		line 52 in file "mcc_generated_files/interrupt_manager.c"
  1380 ;; Parameters:    Size  Location     Type
  1381 ;;		None
  1382 ;; Auto vars:     Size  Location     Type
  1383 ;;		None
  1384 ;; Return value:  Size  Location     Type
  1385 ;;		None               void
  1386 ;; Registers used:
  1387 ;;		wreg, status,2, status,0, pclath, cstack
  1388 ;; Tracked objects:
  1389 ;;		On entry : 0/0
  1390 ;;		On exit  : 0/0
  1391 ;;		Unchanged: 0/0
  1392 ;; Data sizes:     COMMON   BANK0   BANK1   BANK2   BANK3   BANK4   BANK5   BANK6   BANK7   BANK8   BANK9  BANK10  BANK1
      +1  BANK12
  1393 ;;      Params:         0       0       0       0       0       0       0       0       0       0       0       0       
      +0       0
  1394 ;;      Locals:         0       0       0       0       0       0       0       0       0       0       0       0       
      +0       0
  1395 ;;      Temps:          1       0       0       0       0       0       0       0       0       0       0       0       
      +0       0
  1396 ;;      Totals:         1       0       0       0       0       0       0       0       0       0       0       0       
      +0       0
  1397 ;;Total ram usage:        1 bytes
  1398 ;; Hardware stack levels used:    1
  1399 ;; Hardware stack levels required when called:    1
  1400 ;; This function calls:
  1401 ;;		_PIN_MANAGER_IOC
  1402 ;;		_TMR0_ISR
  1403 ;; This function is called by:
  1404 ;;		Interrupt level 1
  1405 ;; This function uses a non-reentrant model
  1406 ;;
  1407                           
  1408  0004                     _INTERRUPT_InterruptManager:	
  1409                           
  1410                           ;incstack = 0
  1411                           ; Regs used in _INTERRUPT_InterruptManager: [wreg+status,2+status,0+pclath+cstack]
  1412  0004  3180               	pagesel	$
  1413  0005  0020               	movlb	0	; select bank0
  1414  0006  087F               	movf	127,w
  1415  0007  00F9               	movwf	??_INTERRUPT_InterruptManager
  1416                           
  1417                           ;interrupt_manager.c: 55: if(INTCONbits.IOCIE == 1 && INTCONbits.IOCIF == 1)
  1418  0008  198B               	btfsc	11,3	;volatile
  1419  0009  1C0B               	btfss	11,0	;volatile
  1420  000A  2810               	goto	i1l74
  1421                           
  1422                           ;interrupt_manager.c: 56: {
  1423                           ;interrupt_manager.c: 57: PIN_MANAGER_IOC();
  1424  000B  3180  20A7  3180   	fcall	_PIN_MANAGER_IOC
  1425                           
  1426                           ;interrupt_manager.c: 60: INTCONbits.IOCIF = 0;
  1427  000E  100B               	bcf	11,0	;volatile
  1428                           
  1429                           ;interrupt_manager.c: 61: }
  1430  000F  2815               	goto	i1l78
  1431  0010                     i1l74:	
  1432                           
  1433                           ;interrupt_manager.c: 62: else if(INTCONbits.TMR0IE == 1 && INTCONbits.TMR0IF == 1)
  1434  0010  1A8B               	btfsc	11,5	;volatile
  1435  0011  1D0B               	btfss	11,2	;volatile
  1436  0012  2815               	goto	i1l78
  1437                           
  1438                           ;interrupt_manager.c: 63: {
  1439                           ;interrupt_manager.c: 64: TMR0_ISR();
  1440  0013  3180  20D6         	fcall	_TMR0_ISR
  1441  0015                     i1l78:	
  1442                           ;interrupt_manager.c: 66: else
  1443                           ;interrupt_manager.c: 67: {
  1444                           
  1445                           ;interrupt_manager.c: 65: }
  1446                           
  1447  0015  0879               	movf	??_INTERRUPT_InterruptManager,w
  1448  0016  0020               	movlb	0	; select bank0
  1449  0017  00FF               	movwf	127
  1450  0018  0009               	retfie
  1451  0019                     __end_of_INTERRUPT_InterruptManager:	
  1452                           
  1453                           	psect	text6
  1454  00D6                     __ptext6:	
  1455 ;; *************** function _TMR0_ISR *****************
  1456 ;; Defined at:
  1457 ;;		line 106 in file "mcc_generated_files/tmr0.c"
  1458 ;; Parameters:    Size  Location     Type
  1459 ;;		None
  1460 ;; Auto vars:     Size  Location     Type
  1461 ;;		None
  1462 ;; Return value:  Size  Location     Type
  1463 ;;		None               void
  1464 ;; Registers used:
  1465 ;;		wreg
  1466 ;; Tracked objects:
  1467 ;;		On entry : 0/0
  1468 ;;		On exit  : 0/0
  1469 ;;		Unchanged: 0/0
  1470 ;; Data sizes:     COMMON   BANK0   BANK1   BANK2   BANK3   BANK4   BANK5   BANK6   BANK7   BANK8   BANK9  BANK10  BANK1
      +1  BANK12
  1471 ;;      Params:         0       0       0       0       0       0       0       0       0       0       0       0       
      +0       0
  1472 ;;      Locals:         0       0       0       0       0       0       0       0       0       0       0       0       
      +0       0
  1473 ;;      Temps:          0       0       0       0       0       0       0       0       0       0       0       0       
      +0       0
  1474 ;;      Totals:         0       0       0       0       0       0       0       0       0       0       0       0       
      +0       0
  1475 ;;Total ram usage:        0 bytes
  1476 ;; Hardware stack levels used:    1
  1477 ;; This function calls:
  1478 ;;		Nothing
  1479 ;; This function is called by:
  1480 ;;		_INTERRUPT_InterruptManager
  1481 ;; This function uses a non-reentrant model
  1482 ;;
  1483                           
  1484                           
  1485                           ;psect for function _TMR0_ISR
  1486  00D6                     _TMR0_ISR:	
  1487                           
  1488                           ;tmr0.c: 110: INTCONbits.TMR0IF = 0;
  1489                           
  1490                           ;incstack = 0
  1491                           ; Regs used in _TMR0_ISR: [wreg]
  1492  00D6  110B               	bcf	11,2	;volatile
  1493                           
  1494                           ;tmr0.c: 111: ms130flag = 1;
  1495  00D7  01F2               	clrf	_ms130flag
  1496  00D8  0AF2               	incf	_ms130flag,f
  1497                           
  1498                           ;tmr0.c: 112: TMR0 = timer0ReloadVal;
  1499  00D9  0877               	movf	_timer0ReloadVal,w	;volatile
  1500  00DA  0020               	movlb	0	; select bank0
  1501  00DB  0095               	movwf	21	;volatile
  1502  00DC  0008               	return
  1503  00DD                     __end_of_TMR0_ISR:	
  1504                           
  1505                           	psect	text7
  1506  00A7                     __ptext7:	
  1507 ;; *************** function _PIN_MANAGER_IOC *****************
  1508 ;; Defined at:
  1509 ;;		line 77 in file "mcc_generated_files/pin_manager.c"
  1510 ;; Parameters:    Size  Location     Type
  1511 ;;		None
  1512 ;; Auto vars:     Size  Location     Type
  1513 ;;		None
  1514 ;; Return value:  Size  Location     Type
  1515 ;;		None               void
  1516 ;; Registers used:
  1517 ;;		wreg, status,2, status,0
  1518 ;; Tracked objects:
  1519 ;;		On entry : 0/0
  1520 ;;		On exit  : 0/0
  1521 ;;		Unchanged: 0/0
  1522 ;; Data sizes:     COMMON   BANK0   BANK1   BANK2   BANK3   BANK4   BANK5   BANK6   BANK7   BANK8   BANK9  BANK10  BANK1
      +1  BANK12
  1523 ;;      Params:         0       0       0       0       0       0       0       0       0       0       0       0       
      +0       0
  1524 ;;      Locals:         0       0       0       0       0       0       0       0       0       0       0       0       
      +0       0
  1525 ;;      Temps:          1       0       0       0       0       0       0       0       0       0       0       0       
      +0       0
  1526 ;;      Totals:         1       0       0       0       0       0       0       0       0       0       0       0       
      +0       0
  1527 ;;Total ram usage:        1 bytes
  1528 ;; Hardware stack levels used:    1
  1529 ;; This function calls:
  1530 ;;		Nothing
  1531 ;; This function is called by:
  1532 ;;		_INTERRUPT_InterruptManager
  1533 ;; This function uses a non-reentrant model
  1534 ;;
  1535                           
  1536                           
  1537                           ;psect for function _PIN_MANAGER_IOC
  1538  00A7                     _PIN_MANAGER_IOC:	
  1539                           
  1540                           ;pin_manager.c: 79: if((IOCAN4 == 1) && (IOCAF4 == 1))
  1541                           
  1542                           ;incstack = 0
  1543                           ; Regs used in _PIN_MANAGER_IOC: [wreg+status,2+status,0]
  1544  00A7  0027               	movlb	7	; select bank7
  1545  00A8  1A12               	btfsc	18,4	;volatile
  1546  00A9  1E13               	btfss	19,4	;volatile
  1547  00AA  28AD               	goto	i1l42
  1548                           
  1549                           ;pin_manager.c: 80: {
  1550                           ;pin_manager.c: 84: IOCAF4 = 0;
  1551  00AB  1213               	bcf	19,4	;volatile
  1552                           
  1553                           ;pin_manager.c: 85: }
  1554  00AC  0008               	return
  1555  00AD                     i1l42:	
  1556                           
  1557                           ;pin_manager.c: 86: else if((IOCAN5 == 1) && (IOCAF5 == 1))
  1558  00AD  1E92               	btfss	18,5	;volatile
  1559  00AE  0008               	return
  1560  00AF  1E93               	btfss	19,5	;volatile
  1561  00B0  0008               	return
  1562                           
  1563                           ;pin_manager.c: 87: {
  1564                           ;pin_manager.c: 89: if(PORTAbits.RA5==0)
  1565  00B1  0020               	movlb	0	; select bank0
  1566  00B2  1A8C               	btfsc	12,5	;volatile
  1567  00B3  28BF               	goto	i1l45
  1568                           
  1569                           ;pin_manager.c: 90: {
  1570                           ;pin_manager.c: 91: ledbuttonpressed=ledbuttonpressed+1;
  1571  00B4  0871               	movf	_ledbuttonpressed,w
  1572  00B5  3E01               	addlw	1
  1573  00B6  00F8               	movwf	??_PIN_MANAGER_IOC
  1574  00B7  0878               	movf	??_PIN_MANAGER_IOC,w
  1575  00B8  00F1               	movwf	_ledbuttonpressed
  1576                           
  1577                           ;pin_manager.c: 92: if(ledbuttonpressed==5)
  1578  00B9  3005               	movlw	5
  1579  00BA  0671               	xorwf	_ledbuttonpressed,w
  1580  00BB  1D03               	btfss	3,2
  1581  00BC  28BF               	goto	i1l45
  1582                           
  1583                           ;pin_manager.c: 93: ledbuttonpressed=1;
  1584  00BD  01F1               	clrf	_ledbuttonpressed
  1585  00BE  0AF1               	incf	_ledbuttonpressed,f
  1586  00BF                     i1l45:	
  1587                           
  1588                           ;pin_manager.c: 95: }
  1589                           ;pin_manager.c: 97: IOCAF5 = 0;
  1590  00BF  0027               	movlb	7	; select bank7
  1591  00C0  1293               	bcf	19,5	;volatile
  1592  00C1  0008               	return
  1593  00C2                     __end_of_PIN_MANAGER_IOC:	
  1594  007E                     btemp	set	126	;btemp
  1595  007E                     wtemp	set	126
  1596  007E                     wtemp0	set	126
  1597  0080                     wtemp1	set	128
  1598  0082                     wtemp2	set	130
  1599  0084                     wtemp3	set	132
  1600  0086                     wtemp4	set	134
  1601  0088                     wtemp5	set	136
  1602  007F                     wtemp6	set	127
  1603  007E                     ttemp	set	126
  1604  007E                     ttemp0	set	126
  1605  0081                     ttemp1	set	129
  1606  0084                     ttemp2	set	132
  1607  0087                     ttemp3	set	135
  1608  007F                     ttemp4	set	127
  1609  007E                     ltemp	set	126
  1610  007E                     ltemp0	set	126
  1611  0082                     ltemp1	set	130
  1612  0086                     ltemp2	set	134
  1613  0080                     ltemp3	set	128


Data Sizes:
    Strings     0
    Constant    0
    Data        0
    BSS         8
    Persistent  0
    Stack       0

Auto Spaces:
    Space          Size  Autos    Used
    COMMON           14      3      11
    BANK0            80      0       0
    BANK1            80      0       0
    BANK2            80      0       0
    BANK3            80      0       0
    BANK4            80      0       0
    BANK5            80      0       0
    BANK6            80      0       0
    BANK7            80      0       0
    BANK8            80      0       0
    BANK9            80      0       0
    BANK10           80      0       0
    BANK11           80      0       0
    BANK12           48      0       0

Pointer List with Targets:

    None.

Critical Paths under _main in COMMON

    None.

Critical Paths under _INTERRUPT_InterruptManager in COMMON

    _INTERRUPT_InterruptManager->_PIN_MANAGER_IOC

Critical Paths under _main in BANK0

    None.

Critical Paths under _INTERRUPT_InterruptManager in BANK0

    None.

Critical Paths under _main in BANK1

    None.

Critical Paths under _INTERRUPT_InterruptManager in BANK1

    None.

Critical Paths under _main in BANK2

    None.

Critical Paths under _INTERRUPT_InterruptManager in BANK2

    None.

Critical Paths under _main in BANK3

    None.

Critical Paths under _INTERRUPT_InterruptManager in BANK3

    None.

Critical Paths under _main in BANK4

    None.

Critical Paths under _INTERRUPT_InterruptManager in BANK4

    None.

Critical Paths under _main in BANK5

    None.

Critical Paths under _INTERRUPT_InterruptManager in BANK5

    None.

Critical Paths under _main in BANK6

    None.

Critical Paths under _INTERRUPT_InterruptManager in BANK6

    None.

Critical Paths under _main in BANK7

    None.

Critical Paths under _INTERRUPT_InterruptManager in BANK7

    None.

Critical Paths under _main in BANK8

    None.

Critical Paths under _INTERRUPT_InterruptManager in BANK8

    None.

Critical Paths under _main in BANK9

    None.

Critical Paths under _INTERRUPT_InterruptManager in BANK9

    None.

Critical Paths under _main in BANK10

    None.

Critical Paths under _INTERRUPT_InterruptManager in BANK10

    None.

Critical Paths under _main in BANK11

    None.

Critical Paths under _INTERRUPT_InterruptManager in BANK11

    None.

Critical Paths under _main in BANK12

    None.

Critical Paths under _INTERRUPT_InterruptManager in BANK12

    None.

Call Graph Tables:

 ---------------------------------------------------------------------------------
 (Depth) Function   	        Calls       Base Space   Used Autos Params    Refs
 ---------------------------------------------------------------------------------
 (0) _main                                                 1     1      0       0
                                              2 COMMON     1     1      0
                  _SYSTEM_Initialize
 ---------------------------------------------------------------------------------
 (1) _SYSTEM_Initialize                                    0     0      0       0
              _OSCILLATOR_Initialize
             _PIN_MANAGER_Initialize
                    _TMR0_Initialize
 ---------------------------------------------------------------------------------
 (2) _TMR0_Initialize                                      0     0      0       0
 ---------------------------------------------------------------------------------
 (2) _PIN_MANAGER_Initialize                               0     0      0       0
 ---------------------------------------------------------------------------------
 (2) _OSCILLATOR_Initialize                                0     0      0       0
 ---------------------------------------------------------------------------------
 Estimated maximum stack depth 2
 ---------------------------------------------------------------------------------
 (Depth) Function   	        Calls       Base Space   Used Autos Params    Refs
 ---------------------------------------------------------------------------------
 (3) _INTERRUPT_InterruptManager                           1     1      0       0
                                              1 COMMON     1     1      0
                    _PIN_MANAGER_IOC
                           _TMR0_ISR
 ---------------------------------------------------------------------------------
 (4) _TMR0_ISR                                             0     0      0       0
 ---------------------------------------------------------------------------------
 (4) _PIN_MANAGER_IOC                                      1     1      0       0
                                              0 COMMON     1     1      0
 ---------------------------------------------------------------------------------
 Estimated maximum stack depth 4
 ---------------------------------------------------------------------------------

 Call Graph Graphs:

 _main (ROOT)
   _SYSTEM_Initialize
     _OSCILLATOR_Initialize
     _PIN_MANAGER_Initialize
     _TMR0_Initialize

 _INTERRUPT_InterruptManager (ROOT)
   _PIN_MANAGER_IOC
   _TMR0_ISR

 Address spaces:
Name               Size   Autos  Total    Cost      Usage
BIGRAM             3F0      0       0       0        0.0%
EEDATA             100      0       0       0        0.0%
NULL                 0      0       0       0        0.0%
CODE                 0      0       0       0        0.0%
BITCOMMON            E      0       0       1        0.0%
BITSFR0              0      0       0       1        0.0%
SFR0                 0      0       0       1        0.0%
COMMON               E      3       B       2       78.6%
BITSFR1              0      0       0       2        0.0%
SFR1                 0      0       0       2        0.0%
BITSFR2              0      0       0       3        0.0%
SFR2                 0      0       0       3        0.0%
STACK                0      0       0       3        0.0%
BITBANK0            50      0       0       4        0.0%
BITSFR3              0      0       0       4        0.0%
SFR3                 0      0       0       4        0.0%
BANK0               50      0       0       5        0.0%
BITSFR4              0      0       0       5        0.0%
SFR4                 0      0       0       5        0.0%
BITBANK1            50      0       0       6        0.0%
BITSFR5              0      0       0       6        0.0%
SFR5                 0      0       0       6        0.0%
BANK1               50      0       0       7        0.0%
BITSFR6              0      0       0       7        0.0%
SFR6                 0      0       0       7        0.0%
BITBANK2            50      0       0       8        0.0%
BITSFR7              0      0       0       8        0.0%
SFR7                 0      0       0       8        0.0%
BANK2               50      0       0       9        0.0%
BITSFR8              0      0       0       9        0.0%
SFR8                 0      0       0       9        0.0%
BITBANK3            50      0       0      10        0.0%
BITSFR9              0      0       0      10        0.0%
SFR9                 0      0       0      10        0.0%
BANK3               50      0       0      11        0.0%
BITSFR10             0      0       0      11        0.0%
SFR10                0      0       0      11        0.0%
BITBANK4            50      0       0      12        0.0%
BITSFR11             0      0       0      12        0.0%
SFR11                0      0       0      12        0.0%
BANK4               50      0       0      13        0.0%
BITSFR12             0      0       0      13        0.0%
SFR12                0      0       0      13        0.0%
BITBANK5            50      0       0      14        0.0%
BITSFR13             0      0       0      14        0.0%
SFR13                0      0       0      14        0.0%
BANK5               50      0       0      15        0.0%
BITSFR14             0      0       0      15        0.0%
SFR14                0      0       0      15        0.0%
BITBANK6            50      0       0      16        0.0%
BITSFR15             0      0       0      16        0.0%
SFR15                0      0       0      16        0.0%
BANK6               50      0       0      17        0.0%
BITSFR16             0      0       0      17        0.0%
SFR16                0      0       0      17        0.0%
BITBANK7            50      0       0      18        0.0%
BITSFR17             0      0       0      18        0.0%
SFR17                0      0       0      18        0.0%
BANK7               50      0       0      19        0.0%
BITSFR18             0      0       0      19        0.0%
SFR18                0      0       0      19        0.0%
BITSFR19             0      0       0      20        0.0%
SFR19                0      0       0      20        0.0%
ABS                  0      0       B      20        0.0%
BITBANK8            50      0       0      21        0.0%
BITSFR20             0      0       0      21        0.0%
SFR20                0      0       0      21        0.0%
BANK8               50      0       0      22        0.0%
BITSFR21             0      0       0      22        0.0%
SFR21                0      0       0      22        0.0%
BITBANK9            50      0       0      23        0.0%
BITSFR22             0      0       0      23        0.0%
SFR22                0      0       0      23        0.0%
BANK9               50      0       0      24        0.0%
BITSFR23             0      0       0      24        0.0%
SFR23                0      0       0      24        0.0%
BITBANK10           50      0       0      25        0.0%
BITSFR24             0      0       0      25        0.0%
SFR24                0      0       0      25        0.0%
BANK10              50      0       0      26        0.0%
BITSFR25             0      0       0      26        0.0%
SFR25                0      0       0      26        0.0%
BITBANK11           50      0       0      27        0.0%
BITSFR26             0      0       0      27        0.0%
SFR26                0      0       0      27        0.0%
BANK11              50      0       0      28        0.0%
BITSFR27             0      0       0      28        0.0%
SFR27                0      0       0      28        0.0%
BITBANK12           30      0       0      29        0.0%
BITSFR28             0      0       0      29        0.0%
SFR28                0      0       0      29        0.0%
BANK12              30      0       0      30        0.0%
BITSFR29             0      0       0      30        0.0%
SFR29                0      0       0      30        0.0%
BITSFR30             0      0       0      31        0.0%
SFR30                0      0       0      31        0.0%
DATA                 0      0       B      31        0.0%
BITSFR31             0      0       0      32        0.0%
SFR31                0      0       0      32        0.0%


Microchip Technology PIC Macro Assembler V1.34 build -361300703 
Symbol Table                                                                                   Wed Mar 27 13:35:21 2024

                        __CFG_CP$OFF 0000                      _timer0ReloadVal 0077  
                                l710 004D                                  l720 0062  
                                l734 0076                                  l686 002B  
                       __CFG_CPD$OFF 0000                         __CFG_BORV$LO 0000  
                       __CFG_IESO$ON 0000                         __CFG_LVP$OFF 0000  
                               _LATA 010C                                 _LATC 010E  
                               i1l42 00AD                                 i1l45 00BF  
                               i1l74 0010                                 i1l78 0015  
                               _TMR0 0015                                 _WPUA 020C  
                               _WPUC 020E                         __CFG_WRT$OFF 0000  
                      __CFG_FCMEN$ON 0000                                 _main 0026  
                               btemp 007E                        __CFG_BOREN$ON 0000  
                               ltemp 007E                                 start 0019  
                               ttemp 007E                                 wtemp 007E  
                      __CFG_MCLRE$ON 0000              __end_of_TMR0_Initialize 00CD  
     __size_of_OSCILLATOR_Initialize 0006        __end_of_OSCILLATOR_Initialize 00E3  
                              ?_main 0078                        __CFG_WDTE$OFF 0000  
                              _LATC0 0870                                _LATC1 0871  
                              _LATC2 0872                                _LATC3 0873  
                              _TRISA 008C                                _TRISC 008E  
                   __end_of_TMR0_ISR 00DD              __end_of_PIN_MANAGER_IOC 00C2  
                              ltemp0 007E                                ltemp1 0082  
                              ltemp2 0086                                ltemp3 0080  
                              ttemp0 007E                                ttemp1 0081  
                              ttemp2 0084                                ttemp3 0087  
                              ttemp4 007F                                status 0003  
                              wtemp0 007E                                wtemp1 0080  
                              wtemp2 0082                                wtemp3 0084  
                              wtemp4 0086                                wtemp5 0088  
                              wtemp6 007F                      __initialization 001B  
                       __end_of_main 0089          ?_INTERRUPT_InterruptManager 0078  
                             ??_main 007A                       __CFG_PLLEN$OFF 0000  
                             _ANSELA 018C                               _ANSELC 018E  
                             _IOCAF4 1C9C                               _IOCAF5 1C9D  
                             _IOCAN4 1C94                               _IOCAN5 1C95  
                             _OSCCON 0099                       __CFG_PWRTE$OFF 0000  
                     __CFG_STVREN$ON 0000                     ?_TMR0_Initialize 0078  
                   ?_PIN_MANAGER_IOC 0078                    _SYSTEM_Initialize 00CD  
            __end_of__initialization 0023                   ?_SYSTEM_Initialize 0078  
                     __pcstackCOMMON 0078                  ??_SYSTEM_Initialize 007A  
                          ?_TMR0_ISR 0078                       _OPTION_REGbits 0095  
          __end_of_SYSTEM_Initialize 00D6                           __pmaintext 0026  
                         ??_TMR0_ISR 0078                           __pintentry 0004  
                            _APFCON0 011D                              _APFCON1 011E  
                            _OSCSTAT 009A                              _OSCTUNE 0098  
                            __ptext0 0000                              __ptext1 00CD  
                            __ptext2 00C2                              __ptext3 0089  
                            __ptext4 00DD                              __ptext6 00D6  
                            __ptext7 00A7                              _counter 0070  
              _OSCILLATOR_Initialize 00DD             ??_PIN_MANAGER_Initialize 007A  
         __size_of_SYSTEM_Initialize 0009                           _newcounter 0073  
               end_of_initialization 0023                            _PORTAbits 000C  
                   __CFG_FOSC$INTOSC 0000                    __size_of_TMR0_ISR 0007  
             ?_OSCILLATOR_Initialize 0078                  start_initialization 001B  
           __size_of_TMR0_Initialize 000B      __size_of_PIN_MANAGER_Initialize 001E  
           __size_of_PIN_MANAGER_IOC 001B                            _ms130flag 0072  
                        __pbssCOMMON 0070                            ___latbits 0002  
             _PIN_MANAGER_Initialize 0089         ??_INTERRUPT_InterruptManager 0079  
                  ??_TMR0_Initialize 007A  __size_of_INTERRUPT_InterruptManager 0015  
                           _TMR0_ISR 00D6                    ??_PIN_MANAGER_IOC 0078  
                   _ledbuttonpressed 0071              ??_OSCILLATOR_Initialize 007A  
                      __size_of_main 0063   __end_of_INTERRUPT_InterruptManager 0019  
         _INTERRUPT_InterruptManager 0004                          _newcounter1 0074  
                        _newcounter2 0075                          _newcounter3 0076  
                         _INTCONbits 000B                             intlevel1 0000  
            ?_PIN_MANAGER_Initialize 0078                    __CFG_CLKOUTEN$OFF 0000  
                         _OPTION_REG 0095                      _TMR0_Initialize 00C2  
     __end_of_PIN_MANAGER_Initialize 00A7                      _PIN_MANAGER_IOC 00A7  
